<?xml version="1.0" encoding="UTF-8"?>
<!-- Generated by org.testng.reporters.JUnitReportReporter -->
<testsuite hostname="MONO-HYD-LAP-12" name="com.RestAssuredMukeshOtwani.OAuth.TwitterDemo_CreateNewTweet" tests="1" failures="0" timestamp="14 Sep 2019 13:18:44 GMT" time="3.682" errors="0">
  <testcase name="postTweet" time="3.682" classname="com.RestAssuredMukeshOtwani.OAuth.TwitterDemo_CreateNewTweet"/>
</testsuite> <!-- com.RestAssuredMukeshOtwani.OAuth.TwitterDemo_CreateNewTweet -->
