<?xml version="1.0" encoding="UTF-8"?>
<!-- Generated by org.testng.reporters.JUnitReportReporter -->
<testsuite hostname="MONO-HYD-LAP-12" name="com.RestAssuredMukeshOtwani.getRequest.PUT_Examples" tests="1" failures="0" timestamp="13 Sep 2019 11:03:03 GMT" time="1.542" errors="0">
  <testcase name="test" time="1.542" classname="com.RestAssuredMukeshOtwani.getRequest.PUT_Examples"/>
</testsuite> <!-- com.RestAssuredMukeshOtwani.getRequest.PUT_Examples -->
