<?xml version="1.0" encoding="UTF-8"?>
<!-- Generated by org.testng.reporters.JUnitReportReporter -->
<testsuite hostname="MONO-HYD-LAP-12" name="com.RestAssuredMukeshOtwani.OAuth.TwitterDemo" tests="1" failures="0" timestamp="14 Sep 2019 13:11:25 GMT" time="3.875" errors="0">
  <testcase name="postTweet" time="3.875" classname="com.RestAssuredMukeshOtwani.OAuth.TwitterDemo"/>
</testsuite> <!-- com.RestAssuredMukeshOtwani.OAuth.TwitterDemo -->
