<?xml version="1.0" encoding="UTF-8"?>
<!-- Generated by org.testng.reporters.JUnitReportReporter -->
<testsuite hostname="MONO-HYD-LAP-12" name="com.RestAssuredMukeshOtwani.getRequest.GetData2" tests="2" failures="0" timestamp="12 Sep 2019 15:55:41 GMT" time="4.400" errors="0">
  <testcase name="testBody" time="3.444" classname="com.RestAssuredMukeshOtwani.getRequest.GetData2"/>
  <testcase name="testResponseCode" time="0.956" classname="com.RestAssuredMukeshOtwani.getRequest.GetData2"/>
</testsuite> <!-- com.RestAssuredMukeshOtwani.getRequest.GetData2 -->
