<?xml version="1.0" encoding="UTF-8"?>
<!-- Generated by org.testng.reporters.JUnitReportReporter -->
<testsuite hostname="MONO-HYD-LAP-12" name="com.RestAssuredMukeshOtwani.getRequest.Post_Delete_Put_Examples" tests="1" failures="0" timestamp="13 Sep 2019 10:57:33 GMT" time="1.385" errors="0">
  <testcase name="test" time="1.385" classname="com.RestAssuredMukeshOtwani.getRequest.Post_Delete_Put_Examples"/>
</testsuite> <!-- com.RestAssuredMukeshOtwani.getRequest.Post_Delete_Put_Examples -->
