<?xml version="1.0" encoding="UTF-8"?>
<!-- Generated by org.testng.reporters.JUnitReportReporter -->
<testsuite skipped="0" hostname="LAPTOP-D0CIFDTL" name="com.RestAssuredMukeshOtwani.getRequest.GetData" tests="2" failures="0" timestamp="2022-11-05T14:11:42 IST" time="10.482" errors="0">
  <testcase name="testResponseCode" time="6.018" classname="com.RestAssuredMukeshOtwani.getRequest.GetData"/>
  <system-out/>
  <testcase name="testBody" time="4.464" classname="com.RestAssuredMukeshOtwani.getRequest.GetData"/>
  <system-out/>
</testsuite> <!-- com.RestAssuredMukeshOtwani.getRequest.GetData -->
