<?xml version="1.0" encoding="UTF-8"?>
<!-- Generated by org.testng.reporters.JUnitReportReporter -->
<testsuite skipped="0" hostname="LAPTOP-D0CIFDTL" name="com.RestAssuredMukeshOtwani.OAuth1.TwitterDemo_CreateNewTweet" tests="1" failures="0" timestamp="2022-11-05T17:22:54 IST" time="2.020" errors="0">
  <testcase name="postTweet" time="2.020" classname="com.RestAssuredMukeshOtwani.OAuth1.TwitterDemo_CreateNewTweet"/>
  <system-out/>
</testsuite> <!-- com.RestAssuredMukeshOtwani.OAuth1.TwitterDemo_CreateNewTweet -->
