<?xml version="1.0" encoding="UTF-8"?>
<!-- Generated by org.testng.reporters.JUnitReportReporter -->
<testsuite hostname="MONO-HYD-LAP-12" name="com.RestAssuredMukeshOtwani.OAuth2.GetManulAccessToken" tests="1" failures="0" timestamp="14 Sep 2019 13:42:34 GMT" time="2.480" errors="0">
  <testcase name="testExample" time="2.480" classname="com.RestAssuredMukeshOtwani.OAuth2.GetManulAccessToken"/>
</testsuite> <!-- com.RestAssuredMukeshOtwani.OAuth2.GetManulAccessToken -->
