<?xml version="1.0" encoding="UTF-8"?>
<!-- Generated by org.testng.reporters.JUnitReportReporter -->
<testsuite hostname="MONO-HYD-LAP-12" name="com.RestAssuredMukeshOtwani.Authentication.AuthenticationDemo2" tests="1" failures="0" timestamp="13 Sep 2019 11:41:16 GMT" time="1.596" errors="0">
  <testcase name="f" time="1.596" classname="com.RestAssuredMukeshOtwani.Authentication.AuthenticationDemo2"/>
</testsuite> <!-- com.RestAssuredMukeshOtwani.Authentication.AuthenticationDemo2 -->
