<?xml version="1.0" encoding="UTF-8"?>
<!-- Generated by org.testng.reporters.JUnitReportReporter -->
<testsuite hostname="MONO-HYD-LAP-12" name="com.RestAssuredMukeshOtwani.OAuth.TwitterDemo_DeleteTweet" tests="1" failures="0" timestamp="14 Sep 2019 13:19:33 GMT" time="5.283" errors="0">
  <testcase name="postTweet" time="5.283" classname="com.RestAssuredMukeshOtwani.OAuth.TwitterDemo_DeleteTweet"/>
</testsuite> <!-- com.RestAssuredMukeshOtwani.OAuth.TwitterDemo_DeleteTweet -->
